<?xml version="1.0" encoding="UTF-8"?>
<!-- Generated by org.testng.reporters.JUnitReportReporter -->
<testsuite name="vtiger.tests.LoginTest" tests="4" time="23.540" ignored="0" failures="0" timestamp="07 May 2019 18:11:00 GMT" skipped="0" hostname="DESKTOP-1G7VPMV" errors="0">
  <testcase name="verifyLoginValid_TC04" time="13.972" classname="vtiger.tests.LoginTest"/>
  <testcase name="verifyLoginTitleTC001" time="0.067" classname="vtiger.tests.LoginTest"/>
  <testcase name="verifyLoginlogoTC002" time="5.774" classname="vtiger.tests.LoginTest"/>
  <testcase name="verifyLoginInValid_TC03" time="3.727" classname="vtiger.tests.LoginTest"/>
</testsuite> <!-- vtiger.tests.LoginTest -->
