<?xml version="1.0" encoding="UTF-8"?>
<!-- Generated by org.testng.reporters.JUnitReportReporter -->
<testsuite name="vtiger.tests.LoginTest" tests="1" time="6.002" ignored="4" failures="0" timestamp="09 May 2019 17:09:36 GMT" skipped="0" hostname="DESKTOP-1G7VPMV" errors="0">
  <testcase name="verifyLoginValid_TC04" time="6.002" classname="vtiger.tests.LoginTest"/>
  <testcase name="ConvertCreatedLead" classname="vtiger.tests.LeadsTest">
    <skipped/>
  </testcase> <!-- ConvertCreatedLead -->
  <testcase name="verifyLoginInValid_TC03" classname="vtiger.tests.LoginTest">
    <skipped/>
  </testcase> <!-- verifyLoginInValid_TC03 -->
  <testcase name="verifyLoginlogoTC002" classname="vtiger.tests.LoginTest">
    <skipped/>
  </testcase> <!-- verifyLoginlogoTC002 -->
  <testcase name="verifyLoginTitleTC001" classname="vtiger.tests.LoginTest">
    <skipped/>
  </testcase> <!-- verifyLoginTitleTC001 -->
</testsuite> <!-- vtiger.tests.LoginTest -->
